/home/bw/DeepLearning/female_regression/ResNet50/model/resnet50_train_iter_500.caffemodel 0.934783
/home/bw/DeepLearning/female_regression/ResNet50/model/resnet50_train_iter_1500.caffemodel 0.913043
/home/bw/DeepLearning/female_regression/ResNet50/model/resnet50_train_iter_5000.caffemodel 0.913043
/home/bw/DeepLearning/female_regression/ResNet50/model/resnet50_train_iter_3000.caffemodel 0.913043
/home/bw/DeepLearning/female_regression/ResNet50/model/resnet50_train_iter_1000.caffemodel 0.913043
/home/bw/DeepLearning/female_regression/ResNet50/model/resnet50_train_iter_2500.caffemodel 0.913043
/home/bw/DeepLearning/female_regression/ResNet50/model/resnet50_train_iter_8500.caffemodel 0.891304
/home/bw/DeepLearning/female_regression/ResNet50/model/resnet50_train_iter_10000.caffemodel 0.891304
/home/bw/DeepLearning/female_regression/ResNet50/model/resnet50_train_iter_9000.caffemodel 0.891304
/home/bw/DeepLearning/female_regression/ResNet50/model/resnet50_train_iter_8000.caffemodel 0.891304
/home/bw/DeepLearning/female_regression/ResNet50/model/resnet50_train_iter_6500.caffemodel 0.891304
/home/bw/DeepLearning/female_regression/ResNet50/model/resnet50_train_iter_2000.caffemodel 0.891304
/home/bw/DeepLearning/female_regression/ResNet50/model/resnet50_train_iter_4500.caffemodel 0.891304
/home/bw/DeepLearning/female_regression/ResNet50/model/resnet50_train_iter_9500.caffemodel 0.891304
/home/bw/DeepLearning/female_regression/ResNet50/model/resnet50_train_iter_7000.caffemodel 0.891304
/home/bw/DeepLearning/female_regression/ResNet50/model/resnet50_train_iter_6000.caffemodel 0.891304
/home/bw/DeepLearning/female_regression/ResNet50/model/resnet50_train_iter_7500.caffemodel 0.891304
/home/bw/DeepLearning/female_regression/ResNet50/model/resnet50_train_iter_4000.caffemodel 0.869565
/home/bw/DeepLearning/female_regression/ResNet50/model/resnet50_train_iter_5500.caffemodel 0.869565
/home/bw/DeepLearning/female_regression/ResNet50/model/resnet50_train_iter_3500.caffemodel 0.869565
