/home/bw/DeepLearning/male_regression/Caffenet/nodiv256/caffenet_train_iter_2000.caffemodel 0.970588
/home/bw/DeepLearning/male_regression/Caffenet/nodiv256/caffenet_train_iter_1500.caffemodel 0.970588
/home/bw/DeepLearning/male_regression/Caffenet/nodiv256/caffenet_train_iter_500.caffemodel 0.970588
/home/bw/DeepLearning/male_regression/Caffenet/nodiv256/caffenet_train_iter_5000.caffemodel 0.955882
/home/bw/DeepLearning/male_regression/Caffenet/nodiv256/caffenet_train_iter_2500.caffemodel 0.955882
/home/bw/DeepLearning/male_regression/Caffenet/nodiv256/caffenet_train_iter_5500.caffemodel 0.955882
/home/bw/DeepLearning/male_regression/Caffenet/nodiv256/caffenet_train_iter_8500.caffemodel 0.941176
/home/bw/DeepLearning/male_regression/Caffenet/nodiv256/caffenet_train_iter_3500.caffemodel 0.941176
/home/bw/DeepLearning/male_regression/Caffenet/nodiv256/caffenet_train_iter_3000.caffemodel 0.941176
/home/bw/DeepLearning/male_regression/Caffenet/nodiv256/caffenet_train_iter_6500.caffemodel 0.941176
/home/bw/DeepLearning/male_regression/Caffenet/nodiv256/caffenet_train_iter_9500.caffemodel 0.941176
/home/bw/DeepLearning/male_regression/Caffenet/nodiv256/caffenet_train_iter_7500.caffemodel 0.941176
/home/bw/DeepLearning/male_regression/Caffenet/nodiv256/caffenet_train_iter_4000.caffemodel 0.941176
/home/bw/DeepLearning/male_regression/Caffenet/nodiv256/caffenet_train_iter_4500.caffemodel 0.941176
/home/bw/DeepLearning/male_regression/Caffenet/nodiv256/caffenet_train_iter_10000.caffemodel 0.941176
/home/bw/DeepLearning/male_regression/Caffenet/nodiv256/caffenet_train_iter_8000.caffemodel 0.941176
/home/bw/DeepLearning/male_regression/Caffenet/nodiv256/caffenet_train_iter_7000.caffemodel 0.941176
/home/bw/DeepLearning/male_regression/Caffenet/nodiv256/caffenet_train_iter_6000.caffemodel 0.941176
/home/bw/DeepLearning/male_regression/Caffenet/nodiv256/caffenet_train_iter_9000.caffemodel 0.941176
/home/bw/DeepLearning/male_regression/Caffenet/nodiv256/caffenet_train_iter_1000.caffemodel 0.882353
