/home/bw/DeepLearning/male_regression/Alexnet/model/alexnet_train_iter_18000.caffemodel 0.927536
/home/bw/DeepLearning/male_regression/Alexnet/model/alexnet_train_iter_1000.caffemodel 0.927536
/home/bw/DeepLearning/male_regression/Alexnet/model/alexnet_train_iter_17500.caffemodel 0.927536
/home/bw/DeepLearning/male_regression/Alexnet/model/alexnet_train_iter_10500.caffemodel 0.927536
/home/bw/DeepLearning/male_regression/Alexnet/model/alexnet_train_iter_12000.caffemodel 0.927536
/home/bw/DeepLearning/male_regression/Alexnet/model/alexnet_train_iter_11500.caffemodel 0.927536
/home/bw/DeepLearning/male_regression/Alexnet/model/alexnet_train_iter_19000.caffemodel 0.927536
/home/bw/DeepLearning/male_regression/Alexnet/model/alexnet_train_iter_10000.caffemodel 0.927536
/home/bw/DeepLearning/male_regression/Alexnet/model/alexnet_train_iter_16500.caffemodel 0.927536
/home/bw/DeepLearning/male_regression/Alexnet/model/alexnet_train_iter_3500.caffemodel 0.927536
/home/bw/DeepLearning/male_regression/Alexnet/model/alexnet_train_iter_14500.caffemodel 0.927536
/home/bw/DeepLearning/male_regression/Alexnet/model/alexnet_train_iter_7000.caffemodel 0.927536
/home/bw/DeepLearning/male_regression/Alexnet/model/alexnet_train_iter_1500.caffemodel 0.927536
/home/bw/DeepLearning/male_regression/Alexnet/model/alexnet_train_iter_18500.caffemodel 0.927536
/home/bw/DeepLearning/male_regression/Alexnet/model/alexnet_train_iter_15000.caffemodel 0.927536
/home/bw/DeepLearning/male_regression/Alexnet/model/alexnet_train_iter_5500.caffemodel 0.927536
/home/bw/DeepLearning/male_regression/Alexnet/model/alexnet_train_iter_19500.caffemodel 0.927536
/home/bw/DeepLearning/male_regression/Alexnet/model/alexnet_train_iter_9000.caffemodel 0.927536
/home/bw/DeepLearning/male_regression/Alexnet/model/alexnet_train_iter_4500.caffemodel 0.927536
/home/bw/DeepLearning/male_regression/Alexnet/model/alexnet_train_iter_16000.caffemodel 0.927536
/home/bw/DeepLearning/male_regression/Alexnet/model/alexnet_train_iter_13000.caffemodel 0.927536
/home/bw/DeepLearning/male_regression/Alexnet/model/alexnet_train_iter_8500.caffemodel 0.927536
/home/bw/DeepLearning/male_regression/Alexnet/model/alexnet_train_iter_15500.caffemodel 0.927536
/home/bw/DeepLearning/male_regression/Alexnet/model/alexnet_train_iter_13500.caffemodel 0.927536
/home/bw/DeepLearning/male_regression/Alexnet/model/alexnet_train_iter_17000.caffemodel 0.927536
/home/bw/DeepLearning/male_regression/Alexnet/model/alexnet_train_iter_20000.caffemodel 0.927536
/home/bw/DeepLearning/male_regression/Alexnet/model/alexnet_train_iter_6000.caffemodel 0.927536
/home/bw/DeepLearning/male_regression/Alexnet/model/alexnet_train_iter_14000.caffemodel 0.927536
/home/bw/DeepLearning/male_regression/Alexnet/model/alexnet_train_iter_11000.caffemodel 0.927536
/home/bw/DeepLearning/male_regression/Alexnet/model/alexnet_train_iter_12500.caffemodel 0.927536
/home/bw/DeepLearning/male_regression/Alexnet/model/alexnet_train_iter_8000.caffemodel 0.927536
/home/bw/DeepLearning/male_regression/Alexnet/model/alexnet_train_iter_3000.caffemodel 0.927536
/home/bw/DeepLearning/male_regression/Alexnet/model/alexnet_train_iter_7500.caffemodel 0.927536
/home/bw/DeepLearning/male_regression/Alexnet/model/alexnet_train_iter_9500.caffemodel 0.913043
/home/bw/DeepLearning/male_regression/Alexnet/model/alexnet_train_iter_6500.caffemodel 0.913043
/home/bw/DeepLearning/male_regression/Alexnet/model/alexnet_train_iter_2000.caffemodel 0.913043
/home/bw/DeepLearning/male_regression/Alexnet/model/alexnet_train_iter_5000.caffemodel 0.913043
/home/bw/DeepLearning/male_regression/Alexnet/model/alexnet_train_iter_2500.caffemodel 0.913043
/home/bw/DeepLearning/male_regression/Alexnet/model/alexnet_train_iter_4000.caffemodel 0.913043
/home/bw/DeepLearning/male_regression/Alexnet/model/alexnet_train_iter_500.caffemodel 0.840580
/home/bw/DeepLearning/male_regression/Alexnet/model/alexnet_train_iter_95.caffemodel 0.000000
