/home/hzzone/1tb/bone-age-model/bysex/female/alexnet/female_alexnet_train_iter_1500.caffemodel 0.781065
/home/hzzone/1tb/bone-age-model/bysex/female/alexnet/female_alexnet_train_iter_3500.caffemodel 0.769231
/home/hzzone/1tb/bone-age-model/bysex/female/alexnet/female_alexnet_train_iter_1700.caffemodel 0.769231
/home/hzzone/1tb/bone-age-model/bysex/female/alexnet/female_alexnet_train_iter_600.caffemodel 0.769231
/home/hzzone/1tb/bone-age-model/bysex/female/alexnet/female_alexnet_train_iter_1800.caffemodel 0.763314
/home/hzzone/1tb/bone-age-model/bysex/female/alexnet/female_alexnet_train_iter_2500.caffemodel 0.757396
/home/hzzone/1tb/bone-age-model/bysex/female/alexnet/female_alexnet_train_iter_7400.caffemodel 0.757396
/home/hzzone/1tb/bone-age-model/bysex/female/alexnet/female_alexnet_train_iter_6400.caffemodel 0.751479
/home/hzzone/1tb/bone-age-model/bysex/female/alexnet/female_alexnet_train_iter_6500.caffemodel 0.751479
/home/hzzone/1tb/bone-age-model/bysex/female/alexnet/female_alexnet_train_iter_9700.caffemodel 0.751479
/home/hzzone/1tb/bone-age-model/bysex/female/alexnet/female_alexnet_train_iter_5400.caffemodel 0.751479
/home/hzzone/1tb/bone-age-model/bysex/female/alexnet/female_alexnet_train_iter_8800.caffemodel 0.751479
/home/hzzone/1tb/bone-age-model/bysex/female/alexnet/female_alexnet_train_iter_2700.caffemodel 0.751479
/home/hzzone/1tb/bone-age-model/bysex/female/alexnet/female_alexnet_train_iter_3000.caffemodel 0.751479
/home/hzzone/1tb/bone-age-model/bysex/female/alexnet/female_alexnet_train_iter_2400.caffemodel 0.751479
/home/hzzone/1tb/bone-age-model/bysex/female/alexnet/female_alexnet_train_iter_5600.caffemodel 0.751479
/home/hzzone/1tb/bone-age-model/bysex/female/alexnet/female_alexnet_train_iter_9100.caffemodel 0.751479
/home/hzzone/1tb/bone-age-model/bysex/female/alexnet/female_alexnet_train_iter_900.caffemodel 0.751479
/home/hzzone/1tb/bone-age-model/bysex/female/alexnet/female_alexnet_train_iter_6700.caffemodel 0.751479
/home/hzzone/1tb/bone-age-model/bysex/female/alexnet/female_alexnet_train_iter_2600.caffemodel 0.751479
/home/hzzone/1tb/bone-age-model/bysex/female/alexnet/female_alexnet_train_iter_1000.caffemodel 0.751479
/home/hzzone/1tb/bone-age-model/bysex/female/alexnet/female_alexnet_train_iter_8000.caffemodel 0.751479
/home/hzzone/1tb/bone-age-model/bysex/female/alexnet/female_alexnet_train_iter_5300.caffemodel 0.751479
/home/hzzone/1tb/bone-age-model/bysex/female/alexnet/female_alexnet_train_iter_8700.caffemodel 0.751479
/home/hzzone/1tb/bone-age-model/bysex/female/alexnet/female_alexnet_train_iter_5000.caffemodel 0.745562
/home/hzzone/1tb/bone-age-model/bysex/female/alexnet/female_alexnet_train_iter_6000.caffemodel 0.745562
/home/hzzone/1tb/bone-age-model/bysex/female/alexnet/female_alexnet_train_iter_4900.caffemodel 0.745562
/home/hzzone/1tb/bone-age-model/bysex/female/alexnet/female_alexnet_train_iter_4200.caffemodel 0.745562
/home/hzzone/1tb/bone-age-model/bysex/female/alexnet/female_alexnet_train_iter_9600.caffemodel 0.745562
/home/hzzone/1tb/bone-age-model/bysex/female/alexnet/female_alexnet_train_iter_7800.caffemodel 0.745562
/home/hzzone/1tb/bone-age-model/bysex/female/alexnet/female_alexnet_train_iter_9900.caffemodel 0.745562
/home/hzzone/1tb/bone-age-model/bysex/female/alexnet/female_alexnet_train_iter_9300.caffemodel 0.745562
/home/hzzone/1tb/bone-age-model/bysex/female/alexnet/female_alexnet_train_iter_9800.caffemodel 0.745562
/home/hzzone/1tb/bone-age-model/bysex/female/alexnet/female_alexnet_train_iter_5900.caffemodel 0.745562
/home/hzzone/1tb/bone-age-model/bysex/female/alexnet/female_alexnet_train_iter_9200.caffemodel 0.745562
/home/hzzone/1tb/bone-age-model/bysex/female/alexnet/female_alexnet_train_iter_3800.caffemodel 0.745562
/home/hzzone/1tb/bone-age-model/bysex/female/alexnet/female_alexnet_train_iter_800.caffemodel 0.745562
/home/hzzone/1tb/bone-age-model/bysex/female/alexnet/female_alexnet_train_iter_8400.caffemodel 0.745562
/home/hzzone/1tb/bone-age-model/bysex/female/alexnet/female_alexnet_train_iter_7300.caffemodel 0.745562
/home/hzzone/1tb/bone-age-model/bysex/female/alexnet/female_alexnet_train_iter_8900.caffemodel 0.745562
/home/hzzone/1tb/bone-age-model/bysex/female/alexnet/female_alexnet_train_iter_4400.caffemodel 0.745562
/home/hzzone/1tb/bone-age-model/bysex/female/alexnet/female_alexnet_train_iter_5100.caffemodel 0.745562
/home/hzzone/1tb/bone-age-model/bysex/female/alexnet/female_alexnet_train_iter_9500.caffemodel 0.745562
/home/hzzone/1tb/bone-age-model/bysex/female/alexnet/female_alexnet_train_iter_7600.caffemodel 0.745562
/home/hzzone/1tb/bone-age-model/bysex/female/alexnet/female_alexnet_train_iter_7900.caffemodel 0.745562
/home/hzzone/1tb/bone-age-model/bysex/female/alexnet/female_alexnet_train_iter_8200.caffemodel 0.745562
/home/hzzone/1tb/bone-age-model/bysex/female/alexnet/female_alexnet_train_iter_10000.caffemodel 0.745562
/home/hzzone/1tb/bone-age-model/bysex/female/alexnet/female_alexnet_train_iter_8600.caffemodel 0.745562
/home/hzzone/1tb/bone-age-model/bysex/female/alexnet/female_alexnet_train_iter_2200.caffemodel 0.745562
/home/hzzone/1tb/bone-age-model/bysex/female/alexnet/female_alexnet_train_iter_9000.caffemodel 0.745562
/home/hzzone/1tb/bone-age-model/bysex/female/alexnet/female_alexnet_train_iter_8500.caffemodel 0.745562
/home/hzzone/1tb/bone-age-model/bysex/female/alexnet/female_alexnet_train_iter_9400.caffemodel 0.745562
/home/hzzone/1tb/bone-age-model/bysex/female/alexnet/female_alexnet_train_iter_5800.caffemodel 0.745562
/home/hzzone/1tb/bone-age-model/bysex/female/alexnet/female_alexnet_train_iter_2000.caffemodel 0.745562
/home/hzzone/1tb/bone-age-model/bysex/female/alexnet/female_alexnet_train_iter_6300.caffemodel 0.745562
/home/hzzone/1tb/bone-age-model/bysex/female/alexnet/female_alexnet_train_iter_8300.caffemodel 0.745562
/home/hzzone/1tb/bone-age-model/bysex/female/alexnet/female_alexnet_train_iter_6800.caffemodel 0.745562
/home/hzzone/1tb/bone-age-model/bysex/female/alexnet/female_alexnet_train_iter_7200.caffemodel 0.745562
/home/hzzone/1tb/bone-age-model/bysex/female/alexnet/female_alexnet_train_iter_4100.caffemodel 0.739645
/home/hzzone/1tb/bone-age-model/bysex/female/alexnet/female_alexnet_train_iter_7700.caffemodel 0.739645
/home/hzzone/1tb/bone-age-model/bysex/female/alexnet/female_alexnet_train_iter_3200.caffemodel 0.739645
/home/hzzone/1tb/bone-age-model/bysex/female/alexnet/female_alexnet_train_iter_2100.caffemodel 0.739645
/home/hzzone/1tb/bone-age-model/bysex/female/alexnet/female_alexnet_train_iter_6100.caffemodel 0.739645
/home/hzzone/1tb/bone-age-model/bysex/female/alexnet/female_alexnet_train_iter_7500.caffemodel 0.739645
/home/hzzone/1tb/bone-age-model/bysex/female/alexnet/female_alexnet_train_iter_3400.caffemodel 0.739645
/home/hzzone/1tb/bone-age-model/bysex/female/alexnet/female_alexnet_train_iter_5200.caffemodel 0.739645
/home/hzzone/1tb/bone-age-model/bysex/female/alexnet/female_alexnet_train_iter_8100.caffemodel 0.739645
/home/hzzone/1tb/bone-age-model/bysex/female/alexnet/female_alexnet_train_iter_5500.caffemodel 0.739645
/home/hzzone/1tb/bone-age-model/bysex/female/alexnet/female_alexnet_train_iter_4000.caffemodel 0.739645
/home/hzzone/1tb/bone-age-model/bysex/female/alexnet/female_alexnet_train_iter_1600.caffemodel 0.739645
/home/hzzone/1tb/bone-age-model/bysex/female/alexnet/female_alexnet_train_iter_3600.caffemodel 0.739645
/home/hzzone/1tb/bone-age-model/bysex/female/alexnet/female_alexnet_train_iter_4600.caffemodel 0.739645
/home/hzzone/1tb/bone-age-model/bysex/female/alexnet/female_alexnet_train_iter_4800.caffemodel 0.739645
/home/hzzone/1tb/bone-age-model/bysex/female/alexnet/female_alexnet_train_iter_7100.caffemodel 0.739645
/home/hzzone/1tb/bone-age-model/bysex/female/alexnet/female_alexnet_train_iter_6600.caffemodel 0.739645
/home/hzzone/1tb/bone-age-model/bysex/female/alexnet/female_alexnet_train_iter_7000.caffemodel 0.739645
/home/hzzone/1tb/bone-age-model/bysex/female/alexnet/female_alexnet_train_iter_4500.caffemodel 0.733728
/home/hzzone/1tb/bone-age-model/bysex/female/alexnet/female_alexnet_train_iter_4300.caffemodel 0.733728
/home/hzzone/1tb/bone-age-model/bysex/female/alexnet/female_alexnet_train_iter_3100.caffemodel 0.733728
/home/hzzone/1tb/bone-age-model/bysex/female/alexnet/female_alexnet_train_iter_1400.caffemodel 0.733728
/home/hzzone/1tb/bone-age-model/bysex/female/alexnet/female_alexnet_train_iter_6200.caffemodel 0.733728
/home/hzzone/1tb/bone-age-model/bysex/female/alexnet/female_alexnet_train_iter_2900.caffemodel 0.733728
/home/hzzone/1tb/bone-age-model/bysex/female/alexnet/female_alexnet_train_iter_3900.caffemodel 0.733728
/home/hzzone/1tb/bone-age-model/bysex/female/alexnet/female_alexnet_train_iter_3700.caffemodel 0.733728
/home/hzzone/1tb/bone-age-model/bysex/female/alexnet/female_alexnet_train_iter_4700.caffemodel 0.733728
/home/hzzone/1tb/bone-age-model/bysex/female/alexnet/female_alexnet_train_iter_6900.caffemodel 0.733728
/home/hzzone/1tb/bone-age-model/bysex/female/alexnet/female_alexnet_train_iter_5700.caffemodel 0.733728
/home/hzzone/1tb/bone-age-model/bysex/female/alexnet/female_alexnet_train_iter_1900.caffemodel 0.727811
/home/hzzone/1tb/bone-age-model/bysex/female/alexnet/female_alexnet_train_iter_2300.caffemodel 0.727811
/home/hzzone/1tb/bone-age-model/bysex/female/alexnet/female_alexnet_train_iter_3300.caffemodel 0.727811
/home/hzzone/1tb/bone-age-model/bysex/female/alexnet/female_alexnet_train_iter_2800.caffemodel 0.727811
/home/hzzone/1tb/bone-age-model/bysex/female/alexnet/female_alexnet_train_iter_500.caffemodel 0.727811
/home/hzzone/1tb/bone-age-model/bysex/female/alexnet/female_alexnet_train_iter_700.caffemodel 0.727811
/home/hzzone/1tb/bone-age-model/bysex/female/alexnet/female_alexnet_train_iter_1200.caffemodel 0.727811
/home/hzzone/1tb/bone-age-model/bysex/female/alexnet/female_alexnet_train_iter_1300.caffemodel 0.727811
/home/hzzone/1tb/bone-age-model/bysex/female/alexnet/female_alexnet_train_iter_1100.caffemodel 0.721893
/home/hzzone/1tb/bone-age-model/bysex/female/alexnet/female_alexnet_train_iter_300.caffemodel 0.698225
/home/hzzone/1tb/bone-age-model/bysex/female/alexnet/female_alexnet_train_iter_200.caffemodel 0.644970
/home/hzzone/1tb/bone-age-model/bysex/female/alexnet/female_alexnet_train_iter_400.caffemodel 0.644970
/home/hzzone/1tb/bone-age-model/bysex/female/alexnet/female_alexnet_train_iter_100.caffemodel 0.550296
